生成启动时间为 2016/7/19 14:38:12。
     1>项目“F:\VCP\C++code\LeetCode\LeetCode\LeetCode.vcxproj”在节点 2 上(Build 个目标)。
     1>ClCompile:
         E:\Microsoft Visual Studio 14.0\VC\bin\CL.exe /c /Zi /nologo /W3 /WX- /sdl /O2 /Oi /Oy- /GL /D WIN32 /D NDEBUG /D _CONSOLE /D _UNICODE /D UNICODE /Gm- /EHsc /MD /GS /Gy /fp:precise /Zc:wchar_t /Zc:forScope /Zc:inline /Fo"Release\\" /Fd"Release\vc140.pdb" /Gd /TP /analyze- /errorReport:prompt Test.cpp
         Test.cpp
     1>Test.cpp(37): warning C4244: “+=”: 从“double”转换到“__int64”，可能丢失数据
     1>Test.cpp(41): warning C4244: “return”: 从“__int64”转换到“int”，可能丢失数据
     1>Test.cpp(65): warning C4018: “<”: 有符号/无符号不匹配
     1>Test.cpp(66): warning C4018: “<”: 有符号/无符号不匹配
     1>Test.cpp(81): warning C4244: “+=”: 从“double”转换到“int”，可能丢失数据
     1>Test.cpp(84): warning C4244: “+=”: 从“double”转换到“int”，可能丢失数据
     1>Test.cpp(124): warning C4018: “<”: 有符号/无符号不匹配
     1>Test.cpp(150): warning C4018: “<”: 有符号/无符号不匹配
     1>Test.cpp(230): warning C4018: “>”: 有符号/无符号不匹配
       Link:
         E:\Microsoft Visual Studio 14.0\VC\bin\link.exe /ERRORREPORT:PROMPT /OUT:"F:\VCP\C++code\LeetCode\Release\LeetCode.exe" /INCREMENTAL:NO /NOLOGO kernel32.lib user32.lib gdi32.lib winspool.lib comdlg32.lib advapi32.lib shell32.lib ole32.lib oleaut32.lib uuid.lib odbc32.lib odbccp32.lib /MANIFEST /MANIFESTUAC:"level='asInvoker' uiAccess='false'" /manifest:embed /Debug /PDB:"F:\VCP\C++code\LeetCode\Release\LeetCode.pdb" /SUBSYSTEM:CONSOLE /OPT:REF /OPT:ICF /LTCG:incremental /TLBID:1 /DYNAMICBASE /NXCOMPAT /IMPLIB:"F:\VCP\C++code\LeetCode\Release\LeetCode.lib" /MACHINE:X86 /SAFESEH Release\Test.obj
         正在生成代码
         3 of 172 functions ( 1.7%) were compiled, the rest were copied from previous compilation.
           1 functions were new in current compilation
           9 functions had inline decision re-evaluated but remain unchanged
         已完成代码的生成
         LeetCode.vcxproj -> F:\VCP\C++code\LeetCode\Release\LeetCode.exe
     1>已完成生成项目“F:\VCP\C++code\LeetCode\LeetCode\LeetCode.vcxproj”(Build 个目标)的操作。

已成功生成。

已用时间 00:00:01.77
